app/build/intermediates/manifest_merge_blame_file/debug/manifest-merger-blame-debug-report.txt
1<?xml version="1.0" encoding="utf-8"?>
2<manifest xmlns:android="http://schemas.android.com/apk/res/android"
3    package="com.ntfy.wear"
4    android:versionCode="1"
5    android:versionName="1.0.0" >
6
7    <uses-sdk
8        android:minSdkVersion="21"
9        android:targetSdkVersion="34" />
10
11    <!-- Internet permission -->
12    <uses-permission android:name="android.permission.INTERNET" />
12-->src/main/AndroidManifest.xml:6:5-67
12-->src/main/AndroidManifest.xml:6:22-64
13
14    <!-- Foreground service permissions -->
15    <uses-permission android:name="android.permission.FOREGROUND_SERVICE" />
15-->src/main/AndroidManifest.xml:9:5-77
15-->src/main/AndroidManifest.xml:9:22-74
16    <uses-permission android:name="android.permission.FOREGROUND_SERVICE_DATA_SYNC" />
16-->src/main/AndroidManifest.xml:10:5-87
16-->src/main/AndroidManifest.xml:10:22-84
17
18    <!-- Notification permission -->
19    <uses-permission android:name="android.permission.POST_NOTIFICATIONS" />
19-->src/main/AndroidManifest.xml:13:5-77
19-->src/main/AndroidManifest.xml:13:22-74
20
21    <!-- Wake lock to keep service running -->
22    <uses-permission android:name="android.permission.WAKE_LOCK" />
22-->src/main/AndroidManifest.xml:16:5-68
22-->src/main/AndroidManifest.xml:16:22-65
23
24    <!-- Restart on boot -->
25    <uses-permission android:name="android.permission.RECEIVE_BOOT_COMPLETED" />
25-->src/main/AndroidManifest.xml:19:5-81
25-->src/main/AndroidManifest.xml:19:22-78
26
27    <!-- Vibrate for notifications -->
28    <uses-permission android:name="android.permission.VIBRATE" />
28-->src/main/AndroidManifest.xml:22:5-66
28-->src/main/AndroidManifest.xml:22:22-63
29
30    <permission
30-->[androidx.core:core:1.12.0] AndroidManifest.xml:22:5-24:47
31        android:name="com.ntfy.wear.DYNAMIC_RECEIVER_NOT_EXPORTED_PERMISSION"
31-->[androidx.core:core:1.12.0] AndroidManifest.xml:23:9-81
32        android:protectionLevel="signature" />
32-->[androidx.core:core:1.12.0] AndroidManifest.xml:24:9-44
33
34    <uses-permission android:name="com.ntfy.wear.DYNAMIC_RECEIVER_NOT_EXPORTED_PERMISSION" />
34-->[androidx.core:core:1.12.0] AndroidManifest.xml:26:5-97
34-->[androidx.core:core:1.12.0] AndroidManifest.xml:26:22-94
35
36    <application
36-->src/main/AndroidManifest.xml:24:5-68:19
37        android:name="com.ntfy.wear.NtfyApplication"
37-->src/main/AndroidManifest.xml:25:9-40
38        android:allowBackup="true"
38-->src/main/AndroidManifest.xml:26:9-35
39        android:appComponentFactory="androidx.core.app.CoreComponentFactory"
39-->[androidx.core:core:1.12.0] AndroidManifest.xml:28:18-86
40        android:debuggable="true"
41        android:extractNativeLibs="true"
42        android:icon="@mipmap/ic_launcher"
42-->src/main/AndroidManifest.xml:27:9-43
43        android:label="@string/app_name"
43-->src/main/AndroidManifest.xml:28:9-41
44        android:roundIcon="@mipmap/ic_launcher_round"
44-->src/main/AndroidManifest.xml:29:9-54
45        android:supportsRtl="true"
45-->src/main/AndroidManifest.xml:30:9-35
46        android:theme="@style/Theme.NtfyWear"
46-->src/main/AndroidManifest.xml:31:9-46
47        android:usesCleartextTraffic="true" >
47-->src/main/AndroidManifest.xml:32:9-44
48
49        <!-- Main Activity -->
50        <activity
50-->src/main/AndroidManifest.xml:35:9-43:20
51            android:name="com.ntfy.wear.MainActivity"
51-->src/main/AndroidManifest.xml:36:13-41
52            android:exported="true"
52-->src/main/AndroidManifest.xml:37:13-36
53            android:launchMode="singleTop" >
53-->src/main/AndroidManifest.xml:38:13-43
54            <intent-filter>
54-->src/main/AndroidManifest.xml:39:13-42:29
55                <action android:name="android.intent.action.MAIN" />
55-->src/main/AndroidManifest.xml:40:17-69
55-->src/main/AndroidManifest.xml:40:25-66
56
57                <category android:name="android.intent.category.LAUNCHER" />
57-->src/main/AndroidManifest.xml:41:17-77
57-->src/main/AndroidManifest.xml:41:27-74
58            </intent-filter>
59        </activity>
60
61        <!-- Subscriber Service -->
62        <service
62-->src/main/AndroidManifest.xml:46:9-50:56
63            android:name="com.ntfy.wear.service.SubscriberService"
63-->src/main/AndroidManifest.xml:47:13-54
64            android:enabled="true"
64-->src/main/AndroidManifest.xml:48:13-35
65            android:exported="false"
65-->src/main/AndroidManifest.xml:49:13-37
66            android:foregroundServiceType="dataSync" />
66-->src/main/AndroidManifest.xml:50:13-53
67
68        <!-- Boot Receiver -->
69        <receiver
69-->src/main/AndroidManifest.xml:53:9-60:20
70            android:name="com.ntfy.wear.service.BootReceiver"
70-->src/main/AndroidManifest.xml:54:13-49
71            android:enabled="true"
71-->src/main/AndroidManifest.xml:55:13-35
72            android:exported="true" >
72-->src/main/AndroidManifest.xml:56:13-36
73            <intent-filter>
73-->src/main/AndroidManifest.xml:57:13-59:29
74                <action android:name="android.intent.action.BOOT_COMPLETED" />
74-->src/main/AndroidManifest.xml:58:17-79
74-->src/main/AndroidManifest.xml:58:25-76
75            </intent-filter>
76        </receiver>
77
78        <!-- Service Restart Receiver -->
79        <receiver
79-->src/main/AndroidManifest.xml:63:9-66:40
80            android:name="com.ntfy.wear.service.ServiceRestartReceiver"
80-->src/main/AndroidManifest.xml:64:13-59
81            android:enabled="true"
81-->src/main/AndroidManifest.xml:65:13-35
82            android:exported="false" />
82-->src/main/AndroidManifest.xml:66:13-37
83
84        <provider
84-->[androidx.emoji2:emoji2:1.2.0] AndroidManifest.xml:24:9-32:20
85            android:name="androidx.startup.InitializationProvider"
85-->[androidx.emoji2:emoji2:1.2.0] AndroidManifest.xml:25:13-67
86            android:authorities="com.ntfy.wear.androidx-startup"
86-->[androidx.emoji2:emoji2:1.2.0] AndroidManifest.xml:26:13-68
87            android:exported="false" >
87-->[androidx.emoji2:emoji2:1.2.0] AndroidManifest.xml:27:13-37
88            <meta-data
88-->[androidx.emoji2:emoji2:1.2.0] AndroidManifest.xml:29:13-31:52
89                android:name="androidx.emoji2.text.EmojiCompatInitializer"
89-->[androidx.emoji2:emoji2:1.2.0] AndroidManifest.xml:30:17-75
90                android:value="androidx.startup" />
90-->[androidx.emoji2:emoji2:1.2.0] AndroidManifest.xml:31:17-49
91            <meta-data
91-->[androidx.lifecycle:lifecycle-process:2.7.0] AndroidManifest.xml:29:13-31:52
92                android:name="androidx.lifecycle.ProcessLifecycleInitializer"
92-->[androidx.lifecycle:lifecycle-process:2.7.0] AndroidManifest.xml:30:17-78
93                android:value="androidx.startup" />
93-->[androidx.lifecycle:lifecycle-process:2.7.0] AndroidManifest.xml:31:17-49
94            <meta-data
94-->[androidx.profileinstaller:profileinstaller:1.3.0] AndroidManifest.xml:29:13-31:52
95                android:name="androidx.profileinstaller.ProfileInstallerInitializer"
95-->[androidx.profileinstaller:profileinstaller:1.3.0] AndroidManifest.xml:30:17-85
96                android:value="androidx.startup" />
96-->[androidx.profileinstaller:profileinstaller:1.3.0] AndroidManifest.xml:31:17-49
97        </provider>
98
99        <receiver
99-->[androidx.profileinstaller:profileinstaller:1.3.0] AndroidManifest.xml:34:9-52:20
100            android:name="androidx.profileinstaller.ProfileInstallReceiver"
100-->[androidx.profileinstaller:profileinstaller:1.3.0] AndroidManifest.xml:35:13-76
101            android:directBootAware="false"
101-->[androidx.profileinstaller:profileinstaller:1.3.0] AndroidManifest.xml:36:13-44
102            android:enabled="true"
102-->[androidx.profileinstaller:profileinstaller:1.3.0] AndroidManifest.xml:37:13-35
103            android:exported="true"
103-->[androidx.profileinstaller:profileinstaller:1.3.0] AndroidManifest.xml:38:13-36
104            android:permission="android.permission.DUMP" >
104-->[androidx.profileinstaller:profileinstaller:1.3.0] AndroidManifest.xml:39:13-57
105            <intent-filter>
105-->[androidx.profileinstaller:profileinstaller:1.3.0] AndroidManifest.xml:40:13-42:29
106                <action android:name="androidx.profileinstaller.action.INSTALL_PROFILE" />
106-->[androidx.profileinstaller:profileinstaller:1.3.0] AndroidManifest.xml:41:17-91
106-->[androidx.profileinstaller:profileinstaller:1.3.0] AndroidManifest.xml:41:25-88
107            </intent-filter>
108            <intent-filter>
108-->[androidx.profileinstaller:profileinstaller:1.3.0] AndroidManifest.xml:43:13-45:29
109                <action android:name="androidx.profileinstaller.action.SKIP_FILE" />
109-->[androidx.profileinstaller:profileinstaller:1.3.0] AndroidManifest.xml:44:17-85
109-->[androidx.profileinstaller:profileinstaller:1.3.0] AndroidManifest.xml:44:25-82
110            </intent-filter>
111            <intent-filter>
111-->[androidx.profileinstaller:profileinstaller:1.3.0] AndroidManifest.xml:46:13-48:29
112                <action android:name="androidx.profileinstaller.action.SAVE_PROFILE" />
112-->[androidx.profileinstaller:profileinstaller:1.3.0] AndroidManifest.xml:47:17-88
112-->[androidx.profileinstaller:profileinstaller:1.3.0] AndroidManifest.xml:47:25-85
113            </intent-filter>
114            <intent-filter>
114-->[androidx.profileinstaller:profileinstaller:1.3.0] AndroidManifest.xml:49:13-51:29
115                <action android:name="androidx.profileinstaller.action.BENCHMARK_OPERATION" />
115-->[androidx.profileinstaller:profileinstaller:1.3.0] AndroidManifest.xml:50:17-95
115-->[androidx.profileinstaller:profileinstaller:1.3.0] AndroidManifest.xml:50:25-92
116            </intent-filter>
117        </receiver>
118    </application>
119
120</manifest>